<?xml version="1.0" encoding="UTF-8"?>
<!-- Generated by org.testng.reporters.JUnitReportReporter -->
<testsuite skipped="0" hostname="ANDY" name="Test_Scripts.Test_RegistrationPage" tests="1" failures="0" timestamp="03 Sep 2018 15:53:19 GMT" time="7.644" errors="0">
  <testcase name="VerifRegistration" time="7.644" classname="Test_Scripts.Test_RegistrationPage"/>
</testsuite> <!-- Test_Scripts.Test_RegistrationPage -->
