<?xml version="1.0" encoding="UTF-8"?>
<!-- Generated by org.testng.reporters.JUnitReportReporter -->
<testsuite skipped="0" hostname="ANDY" name="Test_Scripts.Test_UpdateProfilePage" tests="3" failures="0" timestamp="26 Aug 2018 17:31:43 GMT" time="26.510" errors="0">
  <testcase name="VerifyLogin" time="7.772" classname="Test_Scripts.Test_UpdateProfilePage"/>
  <testcase name="VerifyNavigateMyDetailsPage" time="8.028" classname="Test_Scripts.Test_UpdateProfilePage"/>
  <testcase name="VerifyUpdateAddressAndSave" time="10.710" classname="Test_Scripts.Test_UpdateProfilePage"/>
</testsuite> <!-- Test_Scripts.Test_UpdateProfilePage -->
