<?xml version="1.0" encoding="UTF-8"?>
<!-- Generated by org.testng.reporters.JUnitReportReporter -->
<testsuite skipped="0" hostname="ANDY" name="Test_Scripts.Test_UpdateProfilePage" tests="3" failures="0" timestamp="03 Sep 2018 15:36:11 GMT" time="26.927" errors="0">
  <testcase name="VerifyLogin" time="6.065" classname="Test_Scripts.Test_UpdateProfilePage"/>
  <testcase name="VerifyNavigateMyDetailsPage" time="8.732" classname="Test_Scripts.Test_UpdateProfilePage"/>
  <testcase name="VerifyUpdateAddressAndSave" time="12.130" classname="Test_Scripts.Test_UpdateProfilePage"/>
</testsuite> <!-- Test_Scripts.Test_UpdateProfilePage -->
