<?xml version="1.0" encoding="UTF-8"?>
<!-- Generated by org.testng.reporters.JUnitReportReporter -->
<testsuite skipped="0" hostname="ANDY" name="Test_Scripts.Test_RegistrationPage" tests="1" failures="0" timestamp="26 Aug 2018 17:31:43 GMT" time="8.208" errors="0">
  <testcase name="VerifRegistration" time="8.208" classname="Test_Scripts.Test_RegistrationPage"/>
</testsuite> <!-- Test_Scripts.Test_RegistrationPage -->
